<?xml version="1.0" encoding="UTF-8"?>
<!-- Generated by org.testng.reporters.JUnitReportReporter -->
<testsuite hostname="GAGAN" failures="0" tests="4" name="com.test.TestRunner" time="19.988" errors="0" timestamp="2025-08-20T16:25:21 IST" skipped="0">
  <testcase classname="com.test.TestRunner" name="runScenario" time="4.586"/>
  <testcase classname="com.test.TestRunner" name="runScenario" time="4.494"/>
  <testcase classname="com.test.TestRunner" name="runScenario" time="6.378"/>
  <testcase classname="com.test.TestRunner" name="runScenario" time="4.530"/>
</testsuite> <!-- com.test.TestRunner -->
