<?xml version="1.0" encoding="UTF-8"?>
<!-- Generated by org.testng.reporters.JUnitReportReporter -->
<testsuite hostname="GAGAN" failures="0" tests="3" name="testDemo2.GroupTest" time="0.011" errors="0" timestamp="2025-08-14T17:49:23 IST" skipped="0">
  <testcase classname="testDemo2.GroupTest" name="Test3" time="0.002"/>
  <testcase classname="testDemo2.GroupTest" name="Test5" time="0.000"/>
  <testcase classname="testDemo2.GroupTest" name="Test2" time="0.009"/>
</testsuite> <!-- testDemo2.GroupTest -->
