<?xml version="1.0" encoding="UTF-8"?>
<!-- Generated by org.testng.reporters.JUnitReportReporter -->
<testsuite hostname="GAGAN" failures="0" tests="1" name="testDemo2.BaseTest1" time="4.642" errors="0" timestamp="2025-08-14T16:27:26 IST" skipped="0">
  <testcase classname="testDemo2.BaseTest1" name="fillPracticeForm" time="4.642"/>
</testsuite> <!-- testDemo2.BaseTest1 -->
