<?xml version="1.0" encoding="UTF-8"?>
<!-- Generated by org.testng.reporters.JUnitReportReporter -->
<testsuite hostname="GAGAN" failures="0" tests="1" name="testDemo2.DragandDrop" time="15.342" errors="0" timestamp="2025-08-20T09:42:34 IST" skipped="0">
  <testcase classname="testDemo2.DragandDrop" name="testDragAndDrop" time="15.342"/>
</testsuite> <!-- testDemo2.DragandDrop -->
