<?xml version="1.0" encoding="UTF-8"?>
<!-- Generated by org.testng.reporters.JUnitReportReporter -->
<testsuite hostname="GAGAN" failures="0" tests="3" name="testDemo2.DemoNop1" time="7.135" errors="0" timestamp="2025-08-16T12:51:46 IST" skipped="2">
  <testcase classname="testDemo2.DemoNop1" name="searchProducts" time="7.135"/>
  <testcase classname="testDemo2.DemoNop1" name="LoginPage">
    <skipped/>
  </testcase> <!-- LoginPage -->
  <testcase classname="testDemo2.DemoNop1" name="RegisterPage">
    <skipped/>
  </testcase> <!-- RegisterPage -->
</testsuite> <!-- testDemo2.DemoNop1 -->
