<?xml version="1.0" encoding="UTF-8"?>
<!-- Generated by org.testng.reporters.JUnitReportReporter -->
<testsuite hostname="GAGAN" failures="0" tests="1" name="testDemo2.BaseTest1" time="8.137" errors="0" timestamp="2025-08-12T17:06:13 IST" skipped="0">
  <testcase classname="testDemo2.BaseTest1" name="fillPracticeForm" time="8.137"/>
</testsuite> <!-- testDemo2.BaseTest1 -->
