<?xml version="1.0" encoding="UTF-8"?>
<!-- Generated by org.testng.reporters.JUnitReportReporter -->
<testsuite hostname="GAGAN" failures="0" tests="1" name="testDemo2.MultipleTabs" time="11.143" errors="0" timestamp="2025-08-20T09:43:41 IST" skipped="0">
  <testcase classname="testDemo2.MultipleTabs" name="testMultipleWindows" time="11.143"/>
</testsuite> <!-- testDemo2.MultipleTabs -->
