<?xml version="1.0" encoding="UTF-8"?>
<!-- Generated by org.testng.reporters.JUnitReportReporter -->
<testsuite hostname="GAGAN" failures="0" tests="1" name="testDemo2.MultipleGroupsTest" time="0.009" errors="0" timestamp="2025-08-14T17:30:51 IST" skipped="0">
  <testcase classname="testDemo2.MultipleGroupsTest" name="loginWithValidCredentials" time="0.009"/>
</testsuite> <!-- testDemo2.MultipleGroupsTest -->
