<?xml version="1.0" encoding="UTF-8"?>
<!-- Generated by org.testng.reporters.JUnitReportReporter -->
<testsuite hostname="GAGAN" failures="0" tests="6" name="testDemo2.GroupTest" time="0.013" errors="0" timestamp="2025-08-16T19:43:54 IST" skipped="0">
  <testcase classname="testDemo2.GroupTest" name="Test6" time="0.001"/>
  <testcase classname="testDemo2.GroupTest" name="Test2" time="0.002"/>
  <testcase classname="testDemo2.GroupTest" name="Test1" time="0.006"/>
  <testcase classname="testDemo2.GroupTest" name="Test4" time="0.002"/>
  <testcase classname="testDemo2.GroupTest" name="Test3" time="0.001"/>
  <testcase classname="testDemo2.GroupTest" name="Test5" time="0.001"/>
</testsuite> <!-- testDemo2.GroupTest -->
