<?xml version="1.0" encoding="UTF-8"?>
<!-- Generated by org.testng.reporters.JUnitReportReporter -->
<testsuite hostname="GAGAN" failures="0" tests="1" name="testDemo1.Application1" time="4.536" errors="0" timestamp="2025-08-13T11:09:51 IST" skipped="0">
  <testcase classname="testDemo1.Application1" name="registerNewUser" time="4.536"/>
</testsuite> <!-- testDemo1.Application1 -->
