<?xml version="1.0" encoding="UTF-8"?>
<!-- Generated by org.testng.reporters.JUnitReportReporter -->
<testsuite hostname="GAGAN" failures="0" tests="2" name="testDemo1.Annotations" time="4.826" errors="0" timestamp="2025-08-13T11:09:06 IST" skipped="0">
  <testcase classname="testDemo1.Annotations" name="verifyPage" time="1.834"/>
  <testcase classname="testDemo1.Annotations" name="loginTest" time="2.992"/>
</testsuite> <!-- testDemo1.Annotations -->
