<?xml version="1.0" encoding="UTF-8"?>
<!-- Generated by org.testng.reporters.JUnitReportReporter -->
<testsuite hostname="GAGAN" failures="0" tests="1" name="testDemo1.Demo1" time="0.001" errors="0" timestamp="2025-08-14T16:54:53 IST" skipped="0">
  <testcase classname="testDemo1.Demo1" name="add" time="0.001"/>
</testsuite> <!-- testDemo1.Demo1 -->
